CRITICAL - 2022-05-07 22:02:40 --> Undefined variable $validation
#0 C:\xampp\htdocs\tugasweb2\app\Views\form_input.php(11): CodeIgniter\Debug\Exceptions->errorHandler(2, 'Undefined varia...', 'C:\\xampp\\htdocs...', 11)
#1 C:\xampp\htdocs\tugasweb2\system\View\View.php(220): include('C:\\xampp\\htdocs...')
#2 C:\xampp\htdocs\tugasweb2\system\View\View.php(222): CodeIgniter\View\View->CodeIgniter\View\{closure}()
#3 C:\xampp\htdocs\tugasweb2\system\Common.php(1217): CodeIgniter\View\View->render('form_input', Array, true)
#4 C:\xampp\htdocs\tugasweb2\app\Controllers\Input.php(49): view('form_input')
#5 C:\xampp\htdocs\tugasweb2\system\CodeIgniter.php(936): App\Controllers\Input->index()
#6 C:\xampp\htdocs\tugasweb2\system\CodeIgniter.php(432): CodeIgniter\CodeIgniter->runController(Object(App\Controllers\Input))
#7 C:\xampp\htdocs\tugasweb2\system\CodeIgniter.php(333): CodeIgniter\CodeIgniter->handleRequest(NULL, Object(Config\Cache), false)
#8 C:\xampp\htdocs\tugasweb2\public\index.php(44): CodeIgniter\CodeIgniter->run()
#9 C:\xampp\htdocs\tugasweb2\system\Commands\Server\rewrite.php(45): require_once('C:\\xampp\\htdocs...')
#10 {main}
CRITICAL - 2022-05-07 22:03:03 --> Undefined variable $validation
#0 C:\xampp\htdocs\tugasweb2\app\Views\form_input.php(11): CodeIgniter\Debug\Exceptions->errorHandler(2, 'Undefined varia...', 'C:\\xampp\\htdocs...', 11)
#1 C:\xampp\htdocs\tugasweb2\system\View\View.php(220): include('C:\\xampp\\htdocs...')
#2 C:\xampp\htdocs\tugasweb2\system\View\View.php(222): CodeIgniter\View\View->CodeIgniter\View\{closure}()
#3 C:\xampp\htdocs\tugasweb2\system\Common.php(1217): CodeIgniter\View\View->render('form_input', Array, true)
#4 C:\xampp\htdocs\tugasweb2\app\Controllers\Input.php(49): view('form_input')
#5 C:\xampp\htdocs\tugasweb2\system\CodeIgniter.php(936): App\Controllers\Input->index()
#6 C:\xampp\htdocs\tugasweb2\system\CodeIgniter.php(432): CodeIgniter\CodeIgniter->runController(Object(App\Controllers\Input))
#7 C:\xampp\htdocs\tugasweb2\system\CodeIgniter.php(333): CodeIgniter\CodeIgniter->handleRequest(NULL, Object(Config\Cache), false)
#8 C:\xampp\htdocs\tugasweb2\public\index.php(44): CodeIgniter\CodeIgniter->run()
#9 C:\xampp\htdocs\tugasweb2\system\Commands\Server\rewrite.php(45): require_once('C:\\xampp\\htdocs...')
#10 {main}
CRITICAL - 2022-05-07 22:03:05 --> Undefined variable $validation
#0 C:\xampp\htdocs\tugasweb2\app\Views\form_input.php(11): CodeIgniter\Debug\Exceptions->errorHandler(2, 'Undefined varia...', 'C:\\xampp\\htdocs...', 11)
#1 C:\xampp\htdocs\tugasweb2\system\View\View.php(220): include('C:\\xampp\\htdocs...')
#2 C:\xampp\htdocs\tugasweb2\system\View\View.php(222): CodeIgniter\View\View->CodeIgniter\View\{closure}()
#3 C:\xampp\htdocs\tugasweb2\system\Common.php(1217): CodeIgniter\View\View->render('form_input', Array, true)
#4 C:\xampp\htdocs\tugasweb2\app\Controllers\Input.php(49): view('form_input')
#5 C:\xampp\htdocs\tugasweb2\system\CodeIgniter.php(936): App\Controllers\Input->index()
#6 C:\xampp\htdocs\tugasweb2\system\CodeIgniter.php(432): CodeIgniter\CodeIgniter->runController(Object(App\Controllers\Input))
#7 C:\xampp\htdocs\tugasweb2\system\CodeIgniter.php(333): CodeIgniter\CodeIgniter->handleRequest(NULL, Object(Config\Cache), false)
#8 C:\xampp\htdocs\tugasweb2\public\index.php(44): CodeIgniter\CodeIgniter->run()
#9 C:\xampp\htdocs\tugasweb2\system\Commands\Server\rewrite.php(45): require_once('C:\\xampp\\htdocs...')
#10 {main}
CRITICAL - 2022-05-07 22:03:26 --> Undefined variable $validation
#0 C:\xampp\htdocs\tugasweb2\app\Views\form_input.php(11): CodeIgniter\Debug\Exceptions->errorHandler(2, 'Undefined varia...', 'C:\\xampp\\htdocs...', 11)
#1 C:\xampp\htdocs\tugasweb2\system\View\View.php(220): include('C:\\xampp\\htdocs...')
#2 C:\xampp\htdocs\tugasweb2\system\View\View.php(222): CodeIgniter\View\View->CodeIgniter\View\{closure}()
#3 C:\xampp\htdocs\tugasweb2\system\Common.php(1217): CodeIgniter\View\View->render('form_input', Array, true)
#4 C:\xampp\htdocs\tugasweb2\app\Controllers\Input.php(8): view('form_input')
#5 C:\xampp\htdocs\tugasweb2\system\CodeIgniter.php(936): App\Controllers\Input->index()
#6 C:\xampp\htdocs\tugasweb2\system\CodeIgniter.php(432): CodeIgniter\CodeIgniter->runController(Object(App\Controllers\Input))
#7 C:\xampp\htdocs\tugasweb2\system\CodeIgniter.php(333): CodeIgniter\CodeIgniter->handleRequest(NULL, Object(Config\Cache), false)
#8 C:\xampp\htdocs\tugasweb2\public\index.php(44): CodeIgniter\CodeIgniter->run()
#9 C:\xampp\htdocs\tugasweb2\system\Commands\Server\rewrite.php(45): require_once('C:\\xampp\\htdocs...')
#10 {main}
CRITICAL - 2022-05-07 22:03:27 --> Undefined variable $validation
#0 C:\xampp\htdocs\tugasweb2\app\Views\form_input.php(11): CodeIgniter\Debug\Exceptions->errorHandler(2, 'Undefined varia...', 'C:\\xampp\\htdocs...', 11)
#1 C:\xampp\htdocs\tugasweb2\system\View\View.php(220): include('C:\\xampp\\htdocs...')
#2 C:\xampp\htdocs\tugasweb2\system\View\View.php(222): CodeIgniter\View\View->CodeIgniter\View\{closure}()
#3 C:\xampp\htdocs\tugasweb2\system\Common.php(1217): CodeIgniter\View\View->render('form_input', Array, true)
#4 C:\xampp\htdocs\tugasweb2\app\Controllers\Input.php(8): view('form_input')
#5 C:\xampp\htdocs\tugasweb2\system\CodeIgniter.php(936): App\Controllers\Input->index()
#6 C:\xampp\htdocs\tugasweb2\system\CodeIgniter.php(432): CodeIgniter\CodeIgniter->runController(Object(App\Controllers\Input))
#7 C:\xampp\htdocs\tugasweb2\system\CodeIgniter.php(333): CodeIgniter\CodeIgniter->handleRequest(NULL, Object(Config\Cache), false)
#8 C:\xampp\htdocs\tugasweb2\public\index.php(44): CodeIgniter\CodeIgniter->run()
#9 C:\xampp\htdocs\tugasweb2\system\Commands\Server\rewrite.php(45): require_once('C:\\xampp\\htdocs...')
#10 {main}
CRITICAL - 2022-05-07 22:05:15 --> Undefined variable $validation
#0 C:\xampp\htdocs\tugasweb2\app\Views\form_input.php(11): CodeIgniter\Debug\Exceptions->errorHandler(2, 'Undefined varia...', 'C:\\xampp\\htdocs...', 11)
#1 C:\xampp\htdocs\tugasweb2\system\View\View.php(220): include('C:\\xampp\\htdocs...')
#2 C:\xampp\htdocs\tugasweb2\system\View\View.php(222): CodeIgniter\View\View->CodeIgniter\View\{closure}()
#3 C:\xampp\htdocs\tugasweb2\system\Common.php(1217): CodeIgniter\View\View->render('form_input', Array, true)
#4 C:\xampp\htdocs\tugasweb2\app\Controllers\Input.php(8): view('form_input')
#5 C:\xampp\htdocs\tugasweb2\system\CodeIgniter.php(936): App\Controllers\Input->index()
#6 C:\xampp\htdocs\tugasweb2\system\CodeIgniter.php(432): CodeIgniter\CodeIgniter->runController(Object(App\Controllers\Input))
#7 C:\xampp\htdocs\tugasweb2\system\CodeIgniter.php(333): CodeIgniter\CodeIgniter->handleRequest(NULL, Object(Config\Cache), false)
#8 C:\xampp\htdocs\tugasweb2\public\index.php(44): CodeIgniter\CodeIgniter->run()
#9 C:\xampp\htdocs\tugasweb2\system\Commands\Server\rewrite.php(45): require_once('C:\\xampp\\htdocs...')
#10 {main}
CRITICAL - 2022-05-07 22:05:17 --> Undefined variable $validation
#0 C:\xampp\htdocs\tugasweb2\app\Views\form_input.php(11): CodeIgniter\Debug\Exceptions->errorHandler(2, 'Undefined varia...', 'C:\\xampp\\htdocs...', 11)
#1 C:\xampp\htdocs\tugasweb2\system\View\View.php(220): include('C:\\xampp\\htdocs...')
#2 C:\xampp\htdocs\tugasweb2\system\View\View.php(222): CodeIgniter\View\View->CodeIgniter\View\{closure}()
#3 C:\xampp\htdocs\tugasweb2\system\Common.php(1217): CodeIgniter\View\View->render('form_input', Array, true)
#4 C:\xampp\htdocs\tugasweb2\app\Controllers\Input.php(8): view('form_input')
#5 C:\xampp\htdocs\tugasweb2\system\CodeIgniter.php(936): App\Controllers\Input->index()
#6 C:\xampp\htdocs\tugasweb2\system\CodeIgniter.php(432): CodeIgniter\CodeIgniter->runController(Object(App\Controllers\Input))
#7 C:\xampp\htdocs\tugasweb2\system\CodeIgniter.php(333): CodeIgniter\CodeIgniter->handleRequest(NULL, Object(Config\Cache), false)
#8 C:\xampp\htdocs\tugasweb2\public\index.php(44): CodeIgniter\CodeIgniter->run()
#9 C:\xampp\htdocs\tugasweb2\system\Commands\Server\rewrite.php(45): require_once('C:\\xampp\\htdocs...')
#10 {main}
CRITICAL - 2022-05-07 22:15:04 --> Call to undefined function form_open()
#0 C:\xampp\htdocs\tugasweb2\system\View\View.php(220): include()
#1 C:\xampp\htdocs\tugasweb2\system\View\View.php(222): CodeIgniter\View\View->CodeIgniter\View\{closure}()
#2 C:\xampp\htdocs\tugasweb2\system\Common.php(1217): CodeIgniter\View\View->render('form_input', Array, true)
#3 C:\xampp\htdocs\tugasweb2\app\Controllers\Input.php(50): view('form_input', Array)
#4 C:\xampp\htdocs\tugasweb2\system\CodeIgniter.php(936): App\Controllers\Input->index()
#5 C:\xampp\htdocs\tugasweb2\system\CodeIgniter.php(432): CodeIgniter\CodeIgniter->runController(Object(App\Controllers\Input))
#6 C:\xampp\htdocs\tugasweb2\system\CodeIgniter.php(333): CodeIgniter\CodeIgniter->handleRequest(NULL, Object(Config\Cache), false)
#7 C:\xampp\htdocs\tugasweb2\public\index.php(44): CodeIgniter\CodeIgniter->run()
#8 C:\xampp\htdocs\tugasweb2\system\Commands\Server\rewrite.php(45): require_once('C:\\xampp\\htdocs...')
#9 {main}
CRITICAL - 2022-05-07 22:15:10 --> Call to undefined function form_open()
#0 C:\xampp\htdocs\tugasweb2\system\View\View.php(220): include()
#1 C:\xampp\htdocs\tugasweb2\system\View\View.php(222): CodeIgniter\View\View->CodeIgniter\View\{closure}()
#2 C:\xampp\htdocs\tugasweb2\system\Common.php(1217): CodeIgniter\View\View->render('form_input', Array, true)
#3 C:\xampp\htdocs\tugasweb2\app\Controllers\Input.php(50): view('form_input', Array)
#4 C:\xampp\htdocs\tugasweb2\system\CodeIgniter.php(936): App\Controllers\Input->index()
#5 C:\xampp\htdocs\tugasweb2\system\CodeIgniter.php(432): CodeIgniter\CodeIgniter->runController(Object(App\Controllers\Input))
#6 C:\xampp\htdocs\tugasweb2\system\CodeIgniter.php(333): CodeIgniter\CodeIgniter->handleRequest(NULL, Object(Config\Cache), false)
#7 C:\xampp\htdocs\tugasweb2\public\index.php(44): CodeIgniter\CodeIgniter->run()
#8 C:\xampp\htdocs\tugasweb2\system\Commands\Server\rewrite.php(45): require_once('C:\\xampp\\htdocs...')
#9 {main}
CRITICAL - 2022-05-07 22:15:12 --> Call to undefined function form_open()
#0 C:\xampp\htdocs\tugasweb2\system\View\View.php(220): include()
#1 C:\xampp\htdocs\tugasweb2\system\View\View.php(222): CodeIgniter\View\View->CodeIgniter\View\{closure}()
#2 C:\xampp\htdocs\tugasweb2\system\Common.php(1217): CodeIgniter\View\View->render('form_input', Array, true)
#3 C:\xampp\htdocs\tugasweb2\app\Controllers\Input.php(50): view('form_input', Array)
#4 C:\xampp\htdocs\tugasweb2\system\CodeIgniter.php(936): App\Controllers\Input->index()
#5 C:\xampp\htdocs\tugasweb2\system\CodeIgniter.php(432): CodeIgniter\CodeIgniter->runController(Object(App\Controllers\Input))
#6 C:\xampp\htdocs\tugasweb2\system\CodeIgniter.php(333): CodeIgniter\CodeIgniter->handleRequest(NULL, Object(Config\Cache), false)
#7 C:\xampp\htdocs\tugasweb2\public\index.php(44): CodeIgniter\CodeIgniter->run()
#8 C:\xampp\htdocs\tugasweb2\system\Commands\Server\rewrite.php(45): require_once('C:\\xampp\\htdocs...')
#9 {main}
CRITICAL - 2022-05-07 22:15:17 --> Call to undefined function form_open()
#0 C:\xampp\htdocs\tugasweb2\system\View\View.php(220): include()
#1 C:\xampp\htdocs\tugasweb2\system\View\View.php(222): CodeIgniter\View\View->CodeIgniter\View\{closure}()
#2 C:\xampp\htdocs\tugasweb2\system\Common.php(1217): CodeIgniter\View\View->render('form_input', Array, true)
#3 C:\xampp\htdocs\tugasweb2\app\Controllers\Input.php(50): view('form_input', Array)
#4 C:\xampp\htdocs\tugasweb2\system\CodeIgniter.php(936): App\Controllers\Input->index()
#5 C:\xampp\htdocs\tugasweb2\system\CodeIgniter.php(432): CodeIgniter\CodeIgniter->runController(Object(App\Controllers\Input))
#6 C:\xampp\htdocs\tugasweb2\system\CodeIgniter.php(333): CodeIgniter\CodeIgniter->handleRequest(NULL, Object(Config\Cache), false)
#7 C:\xampp\htdocs\tugasweb2\public\index.php(44): CodeIgniter\CodeIgniter->run()
#8 C:\xampp\htdocs\tugasweb2\system\Commands\Server\rewrite.php(45): require_once('C:\\xampp\\htdocs...')
#9 {main}
CRITICAL - 2022-05-07 23:47:48 --> Call to undefined function form_open()
#0 C:\xampp\htdocs\tugasweb2\system\View\View.php(220): include()
#1 C:\xampp\htdocs\tugasweb2\system\View\View.php(222): CodeIgniter\View\View->CodeIgniter\View\{closure}()
#2 C:\xampp\htdocs\tugasweb2\system\Common.php(1217): CodeIgniter\View\View->render('form_input', Array, true)
#3 C:\xampp\htdocs\tugasweb2\app\Controllers\Input.php(50): view('form_input', Array)
#4 C:\xampp\htdocs\tugasweb2\system\CodeIgniter.php(936): App\Controllers\Input->index()
#5 C:\xampp\htdocs\tugasweb2\system\CodeIgniter.php(432): CodeIgniter\CodeIgniter->runController(Object(App\Controllers\Input))
#6 C:\xampp\htdocs\tugasweb2\system\CodeIgniter.php(333): CodeIgniter\CodeIgniter->handleRequest(NULL, Object(Config\Cache), false)
#7 C:\xampp\htdocs\tugasweb2\public\index.php(44): CodeIgniter\CodeIgniter->run()
#8 C:\xampp\htdocs\tugasweb2\system\Commands\Server\rewrite.php(45): require_once('C:\\xampp\\htdocs...')
#9 {main}
CRITICAL - 2022-05-07 23:48:27 --> Call to undefined function form_open()
#0 C:\xampp\htdocs\tugasweb2\system\View\View.php(220): include()
#1 C:\xampp\htdocs\tugasweb2\system\View\View.php(222): CodeIgniter\View\View->CodeIgniter\View\{closure}()
#2 C:\xampp\htdocs\tugasweb2\system\Common.php(1217): CodeIgniter\View\View->render('form_input', Array, true)
#3 C:\xampp\htdocs\tugasweb2\app\Controllers\Input.php(50): view('form_input', Array)
#4 C:\xampp\htdocs\tugasweb2\system\CodeIgniter.php(936): App\Controllers\Input->index()
#5 C:\xampp\htdocs\tugasweb2\system\CodeIgniter.php(432): CodeIgniter\CodeIgniter->runController(Object(App\Controllers\Input))
#6 C:\xampp\htdocs\tugasweb2\system\CodeIgniter.php(333): CodeIgniter\CodeIgniter->handleRequest(NULL, Object(Config\Cache), false)
#7 C:\xampp\htdocs\tugasweb2\public\index.php(44): CodeIgniter\CodeIgniter->run()
#8 C:\xampp\htdocs\tugasweb2\system\Commands\Server\rewrite.php(45): require_once('C:\\xampp\\htdocs...')
#9 {main}
CRITICAL - 2022-05-07 23:48:46 --> Call to undefined function form_open()
#0 C:\xampp\htdocs\tugasweb2\system\View\View.php(220): include()
#1 C:\xampp\htdocs\tugasweb2\system\View\View.php(222): CodeIgniter\View\View->CodeIgniter\View\{closure}()
#2 C:\xampp\htdocs\tugasweb2\system\Common.php(1217): CodeIgniter\View\View->render('form_input', Array, true)
#3 C:\xampp\htdocs\tugasweb2\app\Controllers\Input.php(8): view('form_input')
#4 C:\xampp\htdocs\tugasweb2\system\CodeIgniter.php(936): App\Controllers\Input->index()
#5 C:\xampp\htdocs\tugasweb2\system\CodeIgniter.php(432): CodeIgniter\CodeIgniter->runController(Object(App\Controllers\Input))
#6 C:\xampp\htdocs\tugasweb2\system\CodeIgniter.php(333): CodeIgniter\CodeIgniter->handleRequest(NULL, Object(Config\Cache), false)
#7 C:\xampp\htdocs\tugasweb2\public\index.php(44): CodeIgniter\CodeIgniter->run()
#8 C:\xampp\htdocs\tugasweb2\system\Commands\Server\rewrite.php(45): require_once('C:\\xampp\\htdocs...')
#9 {main}
