CRITICAL - 2022-05-08 00:23:52 --> Undefined variable $name
#0 C:\xampp\htdocs\tugasweb2\app\Views\form_input.php(27): CodeIgniter\Debug\Exceptions->errorHandler(2, 'Undefined varia...', 'C:\\xampp\\htdocs...', 27)
#1 C:\xampp\htdocs\tugasweb2\system\View\View.php(220): include('C:\\xampp\\htdocs...')
#2 C:\xampp\htdocs\tugasweb2\system\View\View.php(222): CodeIgniter\View\View->CodeIgniter\View\{closure}()
#3 C:\xampp\htdocs\tugasweb2\system\Common.php(1217): CodeIgniter\View\View->render('form_input', Array, true)
#4 C:\xampp\htdocs\tugasweb2\app\Controllers\Input.php(50): view('form_input', Array)
#5 C:\xampp\htdocs\tugasweb2\system\CodeIgniter.php(936): App\Controllers\Input->index()
#6 C:\xampp\htdocs\tugasweb2\system\CodeIgniter.php(432): CodeIgniter\CodeIgniter->runController(Object(App\Controllers\Input))
#7 C:\xampp\htdocs\tugasweb2\system\CodeIgniter.php(333): CodeIgniter\CodeIgniter->handleRequest(NULL, Object(Config\Cache), false)
#8 C:\xampp\htdocs\tugasweb2\public\index.php(44): CodeIgniter\CodeIgniter->run()
#9 C:\xampp\htdocs\tugasweb2\system\Commands\Server\rewrite.php(45): require_once('C:\\xampp\\htdocs...')
#10 {main}
CRITICAL - 2022-05-08 00:29:16 --> syntax error, unexpected token "}"
#0 C:\xampp\htdocs\tugasweb2\system\View\View.php(222): CodeIgniter\View\View->CodeIgniter\View\{closure}()
#1 C:\xampp\htdocs\tugasweb2\system\Common.php(1217): CodeIgniter\View\View->render('form_input', Array, true)
#2 C:\xampp\htdocs\tugasweb2\app\Controllers\Input.php(50): view('form_input', Array)
#3 C:\xampp\htdocs\tugasweb2\system\CodeIgniter.php(936): App\Controllers\Input->index()
#4 C:\xampp\htdocs\tugasweb2\system\CodeIgniter.php(432): CodeIgniter\CodeIgniter->runController(Object(App\Controllers\Input))
#5 C:\xampp\htdocs\tugasweb2\system\CodeIgniter.php(333): CodeIgniter\CodeIgniter->handleRequest(NULL, Object(Config\Cache), false)
#6 C:\xampp\htdocs\tugasweb2\public\index.php(44): CodeIgniter\CodeIgniter->run()
#7 C:\xampp\htdocs\tugasweb2\system\Commands\Server\rewrite.php(45): require_once('C:\\xampp\\htdocs...')
#8 {main}
CRITICAL - 2022-05-08 00:29:18 --> syntax error, unexpected token "}"
#0 C:\xampp\htdocs\tugasweb2\system\View\View.php(222): CodeIgniter\View\View->CodeIgniter\View\{closure}()
#1 C:\xampp\htdocs\tugasweb2\system\Common.php(1217): CodeIgniter\View\View->render('form_input', Array, true)
#2 C:\xampp\htdocs\tugasweb2\app\Controllers\Input.php(50): view('form_input', Array)
#3 C:\xampp\htdocs\tugasweb2\system\CodeIgniter.php(936): App\Controllers\Input->index()
#4 C:\xampp\htdocs\tugasweb2\system\CodeIgniter.php(432): CodeIgniter\CodeIgniter->runController(Object(App\Controllers\Input))
#5 C:\xampp\htdocs\tugasweb2\system\CodeIgniter.php(333): CodeIgniter\CodeIgniter->handleRequest(NULL, Object(Config\Cache), false)
#6 C:\xampp\htdocs\tugasweb2\public\index.php(44): CodeIgniter\CodeIgniter->run()
#7 C:\xampp\htdocs\tugasweb2\system\Commands\Server\rewrite.php(45): require_once('C:\\xampp\\htdocs...')
#8 {main}
CRITICAL - 2022-05-08 00:33:34 --> Undefined variable $name
#0 C:\xampp\htdocs\tugasweb2\app\Views\form_input.php(46): CodeIgniter\Debug\Exceptions->errorHandler(2, 'Undefined varia...', 'C:\\xampp\\htdocs...', 46)
#1 C:\xampp\htdocs\tugasweb2\system\View\View.php(220): include('C:\\xampp\\htdocs...')
#2 C:\xampp\htdocs\tugasweb2\system\View\View.php(222): CodeIgniter\View\View->CodeIgniter\View\{closure}()
#3 C:\xampp\htdocs\tugasweb2\system\Common.php(1217): CodeIgniter\View\View->render('form_input', Array, true)
#4 C:\xampp\htdocs\tugasweb2\app\Controllers\Input.php(50): view('form_input', Array)
#5 C:\xampp\htdocs\tugasweb2\system\CodeIgniter.php(936): App\Controllers\Input->index()
#6 C:\xampp\htdocs\tugasweb2\system\CodeIgniter.php(432): CodeIgniter\CodeIgniter->runController(Object(App\Controllers\Input))
#7 C:\xampp\htdocs\tugasweb2\system\CodeIgniter.php(333): CodeIgniter\CodeIgniter->handleRequest(NULL, Object(Config\Cache), false)
#8 C:\xampp\htdocs\tugasweb2\public\index.php(44): CodeIgniter\CodeIgniter->run()
#9 C:\xampp\htdocs\tugasweb2\system\Commands\Server\rewrite.php(45): require_once('C:\\xampp\\htdocs...')
#10 {main}
CRITICAL - 2022-05-08 00:33:42 --> Undefined variable $name
#0 C:\xampp\htdocs\tugasweb2\app\Views\form_input.php(46): CodeIgniter\Debug\Exceptions->errorHandler(2, 'Undefined varia...', 'C:\\xampp\\htdocs...', 46)
#1 C:\xampp\htdocs\tugasweb2\system\View\View.php(220): include('C:\\xampp\\htdocs...')
#2 C:\xampp\htdocs\tugasweb2\system\View\View.php(222): CodeIgniter\View\View->CodeIgniter\View\{closure}()
#3 C:\xampp\htdocs\tugasweb2\system\Common.php(1217): CodeIgniter\View\View->render('form_input', Array, true)
#4 C:\xampp\htdocs\tugasweb2\app\Controllers\Input.php(50): view('form_input', Array)
#5 C:\xampp\htdocs\tugasweb2\system\CodeIgniter.php(936): App\Controllers\Input->index()
#6 C:\xampp\htdocs\tugasweb2\system\CodeIgniter.php(432): CodeIgniter\CodeIgniter->runController(Object(App\Controllers\Input))
#7 C:\xampp\htdocs\tugasweb2\system\CodeIgniter.php(333): CodeIgniter\CodeIgniter->handleRequest(NULL, Object(Config\Cache), false)
#8 C:\xampp\htdocs\tugasweb2\public\index.php(44): CodeIgniter\CodeIgniter->run()
#9 C:\xampp\htdocs\tugasweb2\system\Commands\Server\rewrite.php(45): require_once('C:\\xampp\\htdocs...')
#10 {main}
CRITICAL - 2022-05-08 00:33:54 --> Undefined variable $name
#0 C:\xampp\htdocs\tugasweb2\app\Views\form_input.php(46): CodeIgniter\Debug\Exceptions->errorHandler(2, 'Undefined varia...', 'C:\\xampp\\htdocs...', 46)
#1 C:\xampp\htdocs\tugasweb2\system\View\View.php(220): include('C:\\xampp\\htdocs...')
#2 C:\xampp\htdocs\tugasweb2\system\View\View.php(222): CodeIgniter\View\View->CodeIgniter\View\{closure}()
#3 C:\xampp\htdocs\tugasweb2\system\Common.php(1217): CodeIgniter\View\View->render('form_input', Array, true)
#4 C:\xampp\htdocs\tugasweb2\app\Controllers\Input.php(50): view('form_input', Array)
#5 C:\xampp\htdocs\tugasweb2\system\CodeIgniter.php(936): App\Controllers\Input->index()
#6 C:\xampp\htdocs\tugasweb2\system\CodeIgniter.php(432): CodeIgniter\CodeIgniter->runController(Object(App\Controllers\Input))
#7 C:\xampp\htdocs\tugasweb2\system\CodeIgniter.php(333): CodeIgniter\CodeIgniter->handleRequest(NULL, Object(Config\Cache), false)
#8 C:\xampp\htdocs\tugasweb2\public\index.php(44): CodeIgniter\CodeIgniter->run()
#9 C:\xampp\htdocs\tugasweb2\system\Commands\Server\rewrite.php(45): require_once('C:\\xampp\\htdocs...')
#10 {main}
CRITICAL - 2022-05-08 00:33:56 --> Undefined variable $name
#0 C:\xampp\htdocs\tugasweb2\app\Views\form_input.php(46): CodeIgniter\Debug\Exceptions->errorHandler(2, 'Undefined varia...', 'C:\\xampp\\htdocs...', 46)
#1 C:\xampp\htdocs\tugasweb2\system\View\View.php(220): include('C:\\xampp\\htdocs...')
#2 C:\xampp\htdocs\tugasweb2\system\View\View.php(222): CodeIgniter\View\View->CodeIgniter\View\{closure}()
#3 C:\xampp\htdocs\tugasweb2\system\Common.php(1217): CodeIgniter\View\View->render('form_input', Array, true)
#4 C:\xampp\htdocs\tugasweb2\app\Controllers\Input.php(50): view('form_input', Array)
#5 C:\xampp\htdocs\tugasweb2\system\CodeIgniter.php(936): App\Controllers\Input->index()
#6 C:\xampp\htdocs\tugasweb2\system\CodeIgniter.php(432): CodeIgniter\CodeIgniter->runController(Object(App\Controllers\Input))
#7 C:\xampp\htdocs\tugasweb2\system\CodeIgniter.php(333): CodeIgniter\CodeIgniter->handleRequest(NULL, Object(Config\Cache), false)
#8 C:\xampp\htdocs\tugasweb2\public\index.php(44): CodeIgniter\CodeIgniter->run()
#9 C:\xampp\htdocs\tugasweb2\system\Commands\Server\rewrite.php(45): require_once('C:\\xampp\\htdocs...')
#10 {main}
