ERROR - 2022-05-05 00:12:59 --> mysqli_sql_exception: Unknown column 'iphone' in 'field list' in C:\xampp\htdocs\tugasweb2\system\Database\MySQLi\Connection.php:314
Stack trace:
#0 C:\xampp\htdocs\tugasweb2\system\Database\MySQLi\Connection.php(314): mysqli->query('SELECT `iphone`...')
#1 C:\xampp\htdocs\tugasweb2\system\Database\BaseConnection.php(713): CodeIgniter\Database\MySQLi\Connection->execute('SELECT `iphone`...')
#2 C:\xampp\htdocs\tugasweb2\system\Database\BaseConnection.php(641): CodeIgniter\Database\BaseConnection->simpleQuery('SELECT `iphone`...')
#3 C:\xampp\htdocs\tugasweb2\system\Database\BaseBuilder.php(1866): CodeIgniter\Database\BaseConnection->query('SELECT `iphone`...', Array, false)
#4 C:\xampp\htdocs\tugasweb2\system\Model.php(174): CodeIgniter\Database\BaseBuilder->get()
#5 C:\xampp\htdocs\tugasweb2\system\BaseModel.php(518): CodeIgniter\Model->doFind(false, NULL)
#6 C:\xampp\htdocs\tugasweb2\system\Model.php(190): CodeIgniter\BaseModel->find()
#7 C:\xampp\htdocs\tugasweb2\system\BaseModel.php(551): CodeIgniter\Model->doFindColumn('iphone')
#8 C:\xampp\htdocs\tugasweb2\app\Controllers\Product.php(17): CodeIgniter\BaseModel->findColumn('iphone')
#9 C:\xampp\htdocs\tugasweb2\system\CodeIgniter.php(936): App\Controllers\Product->getdata()
#10 C:\xampp\htdocs\tugasweb2\system\CodeIgniter.php(432): CodeIgniter\CodeIgniter->runController(Object(App\Controllers\Product))
#11 C:\xampp\htdocs\tugasweb2\system\CodeIgniter.php(333): CodeIgniter\CodeIgniter->handleRequest(NULL, Object(Config\Cache), false)
#12 C:\xampp\htdocs\tugasweb2\public\index.php(44): CodeIgniter\CodeIgniter->run()
#13 {main}
ERROR - 2022-05-05 00:13:24 --> mysqli_sql_exception: Unknown column 'iphone' in 'field list' in C:\xampp\htdocs\tugasweb2\system\Database\MySQLi\Connection.php:314
Stack trace:
#0 C:\xampp\htdocs\tugasweb2\system\Database\MySQLi\Connection.php(314): mysqli->query('SELECT `iphone`...')
#1 C:\xampp\htdocs\tugasweb2\system\Database\BaseConnection.php(713): CodeIgniter\Database\MySQLi\Connection->execute('SELECT `iphone`...')
#2 C:\xampp\htdocs\tugasweb2\system\Database\BaseConnection.php(641): CodeIgniter\Database\BaseConnection->simpleQuery('SELECT `iphone`...')
#3 C:\xampp\htdocs\tugasweb2\system\Database\BaseBuilder.php(1866): CodeIgniter\Database\BaseConnection->query('SELECT `iphone`...', Array, false)
#4 C:\xampp\htdocs\tugasweb2\system\Model.php(174): CodeIgniter\Database\BaseBuilder->get()
#5 C:\xampp\htdocs\tugasweb2\system\BaseModel.php(518): CodeIgniter\Model->doFind(false, NULL)
#6 C:\xampp\htdocs\tugasweb2\system\Model.php(190): CodeIgniter\BaseModel->find()
#7 C:\xampp\htdocs\tugasweb2\system\BaseModel.php(551): CodeIgniter\Model->doFindColumn('iphone')
#8 C:\xampp\htdocs\tugasweb2\app\Controllers\Product.php(17): CodeIgniter\BaseModel->findColumn('iphone')
#9 C:\xampp\htdocs\tugasweb2\system\CodeIgniter.php(936): App\Controllers\Product->getdata()
#10 C:\xampp\htdocs\tugasweb2\system\CodeIgniter.php(432): CodeIgniter\CodeIgniter->runController(Object(App\Controllers\Product))
#11 C:\xampp\htdocs\tugasweb2\system\CodeIgniter.php(333): CodeIgniter\CodeIgniter->handleRequest(NULL, Object(Config\Cache), false)
#12 C:\xampp\htdocs\tugasweb2\public\index.php(44): CodeIgniter\CodeIgniter->run()
#13 {main}
CRITICAL - 2022-05-05 01:15:13 --> Call to undefined function form_open()
#0 C:\xampp\htdocs\tugasweb2\system\View\View.php(220): include()
#1 C:\xampp\htdocs\tugasweb2\system\View\View.php(222): CodeIgniter\View\View->CodeIgniter\View\{closure}()
#2 C:\xampp\htdocs\tugasweb2\system\Common.php(1217): CodeIgniter\View\View->render('Signup', Array, true)
#3 C:\xampp\htdocs\tugasweb2\app\Controllers\Form.php(19): view('Signup', Array)
#4 C:\xampp\htdocs\tugasweb2\system\CodeIgniter.php(936): App\Controllers\Form->index()
#5 C:\xampp\htdocs\tugasweb2\system\CodeIgniter.php(432): CodeIgniter\CodeIgniter->runController(Object(App\Controllers\Form))
#6 C:\xampp\htdocs\tugasweb2\system\CodeIgniter.php(333): CodeIgniter\CodeIgniter->handleRequest(NULL, Object(Config\Cache), false)
#7 C:\xampp\htdocs\tugasweb2\public\index.php(44): CodeIgniter\CodeIgniter->run()
#8 C:\xampp\htdocs\tugasweb2\system\Commands\Server\rewrite.php(45): require_once('C:\\xampp\\htdocs...')
#9 {main}
CRITICAL - 2022-05-05 01:15:16 --> Call to undefined function form_open()
#0 C:\xampp\htdocs\tugasweb2\system\View\View.php(220): include()
#1 C:\xampp\htdocs\tugasweb2\system\View\View.php(222): CodeIgniter\View\View->CodeIgniter\View\{closure}()
#2 C:\xampp\htdocs\tugasweb2\system\Common.php(1217): CodeIgniter\View\View->render('Signup', Array, true)
#3 C:\xampp\htdocs\tugasweb2\app\Controllers\Form.php(19): view('Signup', Array)
#4 C:\xampp\htdocs\tugasweb2\system\CodeIgniter.php(936): App\Controllers\Form->index()
#5 C:\xampp\htdocs\tugasweb2\system\CodeIgniter.php(432): CodeIgniter\CodeIgniter->runController(Object(App\Controllers\Form))
#6 C:\xampp\htdocs\tugasweb2\system\CodeIgniter.php(333): CodeIgniter\CodeIgniter->handleRequest(NULL, Object(Config\Cache), false)
#7 C:\xampp\htdocs\tugasweb2\public\index.php(44): CodeIgniter\CodeIgniter->run()
#8 C:\xampp\htdocs\tugasweb2\system\Commands\Server\rewrite.php(45): require_once('C:\\xampp\\htdocs...')
#9 {main}
CRITICAL - 2022-05-05 01:17:05 --> Invalid file: form.php
#0 C:\xampp\htdocs\tugasweb2\system\View\View.php(203): CodeIgniter\Exceptions\FrameworkException::forInvalidFile('form.php')
#1 C:\xampp\htdocs\tugasweb2\system\Common.php(1217): CodeIgniter\View\View->render('form', Array, true)
#2 C:\xampp\htdocs\tugasweb2\app\Controllers\Form.php(11): view('form')
#3 C:\xampp\htdocs\tugasweb2\system\CodeIgniter.php(936): App\Controllers\Form->index()
#4 C:\xampp\htdocs\tugasweb2\system\CodeIgniter.php(432): CodeIgniter\CodeIgniter->runController(Object(App\Controllers\Form))
#5 C:\xampp\htdocs\tugasweb2\system\CodeIgniter.php(333): CodeIgniter\CodeIgniter->handleRequest(NULL, Object(Config\Cache), false)
#6 C:\xampp\htdocs\tugasweb2\public\index.php(44): CodeIgniter\CodeIgniter->run()
#7 C:\xampp\htdocs\tugasweb2\system\Commands\Server\rewrite.php(45): require_once('C:\\xampp\\htdocs...')
#8 {main}
CRITICAL - 2022-05-05 01:17:15 --> Undefined variable $validation
#0 C:\xampp\htdocs\tugasweb2\app\Views\signup.php(7): CodeIgniter\Debug\Exceptions->errorHandler(2, 'Undefined varia...', 'C:\\xampp\\htdocs...', 7)
#1 C:\xampp\htdocs\tugasweb2\system\View\View.php(220): include('C:\\xampp\\htdocs...')
#2 C:\xampp\htdocs\tugasweb2\system\View\View.php(222): CodeIgniter\View\View->CodeIgniter\View\{closure}()
#3 C:\xampp\htdocs\tugasweb2\system\Common.php(1217): CodeIgniter\View\View->render('signup', Array, true)
#4 C:\xampp\htdocs\tugasweb2\app\Controllers\Form.php(11): view('signup')
#5 C:\xampp\htdocs\tugasweb2\system\CodeIgniter.php(936): App\Controllers\Form->index()
#6 C:\xampp\htdocs\tugasweb2\system\CodeIgniter.php(432): CodeIgniter\CodeIgniter->runController(Object(App\Controllers\Form))
#7 C:\xampp\htdocs\tugasweb2\system\CodeIgniter.php(333): CodeIgniter\CodeIgniter->handleRequest(NULL, Object(Config\Cache), false)
#8 C:\xampp\htdocs\tugasweb2\public\index.php(44): CodeIgniter\CodeIgniter->run()
#9 C:\xampp\htdocs\tugasweb2\system\Commands\Server\rewrite.php(45): require_once('C:\\xampp\\htdocs...')
#10 {main}
CRITICAL - 2022-05-05 01:17:27 --> Undefined variable $validation
#0 C:\xampp\htdocs\tugasweb2\app\Views\signup.php(7): CodeIgniter\Debug\Exceptions->errorHandler(2, 'Undefined varia...', 'C:\\xampp\\htdocs...', 7)
#1 C:\xampp\htdocs\tugasweb2\system\View\View.php(220): include('C:\\xampp\\htdocs...')
#2 C:\xampp\htdocs\tugasweb2\system\View\View.php(222): CodeIgniter\View\View->CodeIgniter\View\{closure}()
#3 C:\xampp\htdocs\tugasweb2\system\Common.php(1217): CodeIgniter\View\View->render('signup', Array, true)
#4 C:\xampp\htdocs\tugasweb2\app\Controllers\Form.php(11): view('signup')
#5 C:\xampp\htdocs\tugasweb2\system\CodeIgniter.php(936): App\Controllers\Form->index()
#6 C:\xampp\htdocs\tugasweb2\system\CodeIgniter.php(432): CodeIgniter\CodeIgniter->runController(Object(App\Controllers\Form))
#7 C:\xampp\htdocs\tugasweb2\system\CodeIgniter.php(333): CodeIgniter\CodeIgniter->handleRequest(NULL, Object(Config\Cache), false)
#8 C:\xampp\htdocs\tugasweb2\public\index.php(44): CodeIgniter\CodeIgniter->run()
#9 C:\xampp\htdocs\tugasweb2\system\Commands\Server\rewrite.php(45): require_once('C:\\xampp\\htdocs...')
#10 {main}
CRITICAL - 2022-05-05 01:17:58 --> Undefined variable $validation
#0 C:\xampp\htdocs\tugasweb2\app\Views\signup.php(7): CodeIgniter\Debug\Exceptions->errorHandler(2, 'Undefined varia...', 'C:\\xampp\\htdocs...', 7)
#1 C:\xampp\htdocs\tugasweb2\system\View\View.php(220): include('C:\\xampp\\htdocs...')
#2 C:\xampp\htdocs\tugasweb2\system\View\View.php(222): CodeIgniter\View\View->CodeIgniter\View\{closure}()
#3 C:\xampp\htdocs\tugasweb2\system\Common.php(1217): CodeIgniter\View\View->render('signup', Array, true)
#4 C:\xampp\htdocs\tugasweb2\app\Controllers\Form.php(11): view('signup')
#5 C:\xampp\htdocs\tugasweb2\system\CodeIgniter.php(936): App\Controllers\Form->index()
#6 C:\xampp\htdocs\tugasweb2\system\CodeIgniter.php(432): CodeIgniter\CodeIgniter->runController(Object(App\Controllers\Form))
#7 C:\xampp\htdocs\tugasweb2\system\CodeIgniter.php(333): CodeIgniter\CodeIgniter->handleRequest(NULL, Object(Config\Cache), false)
#8 C:\xampp\htdocs\tugasweb2\public\index.php(44): CodeIgniter\CodeIgniter->run()
#9 C:\xampp\htdocs\tugasweb2\system\Commands\Server\rewrite.php(45): require_once('C:\\xampp\\htdocs...')
#10 {main}
CRITICAL - 2022-05-05 01:18:03 --> Undefined variable $validation
#0 C:\xampp\htdocs\tugasweb2\app\Views\signup.php(7): CodeIgniter\Debug\Exceptions->errorHandler(2, 'Undefined varia...', 'C:\\xampp\\htdocs...', 7)
#1 C:\xampp\htdocs\tugasweb2\system\View\View.php(220): include('C:\\xampp\\htdocs...')
#2 C:\xampp\htdocs\tugasweb2\system\View\View.php(222): CodeIgniter\View\View->CodeIgniter\View\{closure}()
#3 C:\xampp\htdocs\tugasweb2\system\Common.php(1217): CodeIgniter\View\View->render('signup', Array, true)
#4 C:\xampp\htdocs\tugasweb2\app\Controllers\Form.php(11): view('signup')
#5 C:\xampp\htdocs\tugasweb2\system\CodeIgniter.php(936): App\Controllers\Form->index()
#6 C:\xampp\htdocs\tugasweb2\system\CodeIgniter.php(432): CodeIgniter\CodeIgniter->runController(Object(App\Controllers\Form))
#7 C:\xampp\htdocs\tugasweb2\system\CodeIgniter.php(333): CodeIgniter\CodeIgniter->handleRequest(NULL, Object(Config\Cache), false)
#8 C:\xampp\htdocs\tugasweb2\public\index.php(44): CodeIgniter\CodeIgniter->run()
#9 C:\xampp\htdocs\tugasweb2\system\Commands\Server\rewrite.php(45): require_once('C:\\xampp\\htdocs...')
#10 {main}
CRITICAL - 2022-05-05 01:30:39 --> Undefined array key "cari"
#0 C:\xampp\htdocs\tugasweb2\app\Controllers\Product.php(15): CodeIgniter\Debug\Exceptions->errorHandler(2, 'Undefined array...', 'C:\\xampp\\htdocs...', 15)
#1 C:\xampp\htdocs\tugasweb2\system\CodeIgniter.php(936): App\Controllers\Product->getdata()
#2 C:\xampp\htdocs\tugasweb2\system\CodeIgniter.php(432): CodeIgniter\CodeIgniter->runController(Object(App\Controllers\Product))
#3 C:\xampp\htdocs\tugasweb2\system\CodeIgniter.php(333): CodeIgniter\CodeIgniter->handleRequest(NULL, Object(Config\Cache), false)
#4 C:\xampp\htdocs\tugasweb2\public\index.php(44): CodeIgniter\CodeIgniter->run()
#5 {main}
CRITICAL - 2022-05-05 01:32:43 --> Call to undefined function form_open()
#0 C:\xampp\htdocs\tugasweb2\system\View\View.php(220): include()
#1 C:\xampp\htdocs\tugasweb2\system\View\View.php(222): CodeIgniter\View\View->CodeIgniter\View\{closure}()
#2 C:\xampp\htdocs\tugasweb2\system\Common.php(1217): CodeIgniter\View\View->render('form_input', Array, true)
#3 C:\xampp\htdocs\tugasweb2\app\Controllers\Input.php(16): view('form_input', Array)
#4 C:\xampp\htdocs\tugasweb2\system\CodeIgniter.php(936): App\Controllers\Input->index()
#5 C:\xampp\htdocs\tugasweb2\system\CodeIgniter.php(432): CodeIgniter\CodeIgniter->runController(Object(App\Controllers\Input))
#6 C:\xampp\htdocs\tugasweb2\system\CodeIgniter.php(333): CodeIgniter\CodeIgniter->handleRequest(NULL, Object(Config\Cache), false)
#7 C:\xampp\htdocs\tugasweb2\public\index.php(44): CodeIgniter\CodeIgniter->run()
#8 {main}
CRITICAL - 2022-05-05 01:32:45 --> Call to undefined function form_open()
#0 C:\xampp\htdocs\tugasweb2\system\View\View.php(220): include()
#1 C:\xampp\htdocs\tugasweb2\system\View\View.php(222): CodeIgniter\View\View->CodeIgniter\View\{closure}()
#2 C:\xampp\htdocs\tugasweb2\system\Common.php(1217): CodeIgniter\View\View->render('form_input', Array, true)
#3 C:\xampp\htdocs\tugasweb2\app\Controllers\Input.php(16): view('form_input', Array)
#4 C:\xampp\htdocs\tugasweb2\system\CodeIgniter.php(936): App\Controllers\Input->index()
#5 C:\xampp\htdocs\tugasweb2\system\CodeIgniter.php(432): CodeIgniter\CodeIgniter->runController(Object(App\Controllers\Input))
#6 C:\xampp\htdocs\tugasweb2\system\CodeIgniter.php(333): CodeIgniter\CodeIgniter->handleRequest(NULL, Object(Config\Cache), false)
#7 C:\xampp\htdocs\tugasweb2\public\index.php(44): CodeIgniter\CodeIgniter->run()
#8 {main}
CRITICAL - 2022-05-05 01:33:38 --> Call to undefined function form_open()
#0 C:\xampp\htdocs\tugasweb2\system\View\View.php(220): include()
#1 C:\xampp\htdocs\tugasweb2\system\View\View.php(222): CodeIgniter\View\View->CodeIgniter\View\{closure}()
#2 C:\xampp\htdocs\tugasweb2\system\Common.php(1217): CodeIgniter\View\View->render('form_input', Array, true)
#3 C:\xampp\htdocs\tugasweb2\app\Controllers\Input.php(16): view('form_input', Array)
#4 C:\xampp\htdocs\tugasweb2\system\CodeIgniter.php(936): App\Controllers\Input->index()
#5 C:\xampp\htdocs\tugasweb2\system\CodeIgniter.php(432): CodeIgniter\CodeIgniter->runController(Object(App\Controllers\Input))
#6 C:\xampp\htdocs\tugasweb2\system\CodeIgniter.php(333): CodeIgniter\CodeIgniter->handleRequest(NULL, Object(Config\Cache), false)
#7 C:\xampp\htdocs\tugasweb2\public\index.php(44): CodeIgniter\CodeIgniter->run()
#8 {main}
CRITICAL - 2022-05-05 01:33:39 --> Call to undefined function form_open()
#0 C:\xampp\htdocs\tugasweb2\system\View\View.php(220): include()
#1 C:\xampp\htdocs\tugasweb2\system\View\View.php(222): CodeIgniter\View\View->CodeIgniter\View\{closure}()
#2 C:\xampp\htdocs\tugasweb2\system\Common.php(1217): CodeIgniter\View\View->render('form_input', Array, true)
#3 C:\xampp\htdocs\tugasweb2\app\Controllers\Input.php(16): view('form_input', Array)
#4 C:\xampp\htdocs\tugasweb2\system\CodeIgniter.php(936): App\Controllers\Input->index()
#5 C:\xampp\htdocs\tugasweb2\system\CodeIgniter.php(432): CodeIgniter\CodeIgniter->runController(Object(App\Controllers\Input))
#6 C:\xampp\htdocs\tugasweb2\system\CodeIgniter.php(333): CodeIgniter\CodeIgniter->handleRequest(NULL, Object(Config\Cache), false)
#7 C:\xampp\htdocs\tugasweb2\public\index.php(44): CodeIgniter\CodeIgniter->run()
#8 {main}
CRITICAL - 2022-05-05 01:34:55 --> Call to undefined function form_open()
#0 C:\xampp\htdocs\tugasweb2\system\View\View.php(220): include()
#1 C:\xampp\htdocs\tugasweb2\system\View\View.php(222): CodeIgniter\View\View->CodeIgniter\View\{closure}()
#2 C:\xampp\htdocs\tugasweb2\system\Common.php(1217): CodeIgniter\View\View->render('form_input', Array, true)
#3 C:\xampp\htdocs\tugasweb2\app\Controllers\Input.php(16): view('form_input', Array)
#4 C:\xampp\htdocs\tugasweb2\system\CodeIgniter.php(936): App\Controllers\Input->index()
#5 C:\xampp\htdocs\tugasweb2\system\CodeIgniter.php(432): CodeIgniter\CodeIgniter->runController(Object(App\Controllers\Input))
#6 C:\xampp\htdocs\tugasweb2\system\CodeIgniter.php(333): CodeIgniter\CodeIgniter->handleRequest(NULL, Object(Config\Cache), false)
#7 C:\xampp\htdocs\tugasweb2\public\index.php(44): CodeIgniter\CodeIgniter->run()
#8 {main}
CRITICAL - 2022-05-05 01:37:22 --> Call to undefined function form_open()
#0 C:\xampp\htdocs\tugasweb2\system\View\View.php(220): include()
#1 C:\xampp\htdocs\tugasweb2\system\View\View.php(222): CodeIgniter\View\View->CodeIgniter\View\{closure}()
#2 C:\xampp\htdocs\tugasweb2\system\Common.php(1217): CodeIgniter\View\View->render('form_input', Array, true)
#3 C:\xampp\htdocs\tugasweb2\app\Controllers\Input.php(16): view('form_input', Array)
#4 C:\xampp\htdocs\tugasweb2\system\CodeIgniter.php(936): App\Controllers\Input->index()
#5 C:\xampp\htdocs\tugasweb2\system\CodeIgniter.php(432): CodeIgniter\CodeIgniter->runController(Object(App\Controllers\Input))
#6 C:\xampp\htdocs\tugasweb2\system\CodeIgniter.php(333): CodeIgniter\CodeIgniter->handleRequest(NULL, Object(Config\Cache), false)
#7 C:\xampp\htdocs\tugasweb2\public\index.php(44): CodeIgniter\CodeIgniter->run()
#8 {main}
CRITICAL - 2022-05-05 01:37:23 --> Call to undefined function form_open()
#0 C:\xampp\htdocs\tugasweb2\system\View\View.php(220): include()
#1 C:\xampp\htdocs\tugasweb2\system\View\View.php(222): CodeIgniter\View\View->CodeIgniter\View\{closure}()
#2 C:\xampp\htdocs\tugasweb2\system\Common.php(1217): CodeIgniter\View\View->render('form_input', Array, true)
#3 C:\xampp\htdocs\tugasweb2\app\Controllers\Input.php(16): view('form_input', Array)
#4 C:\xampp\htdocs\tugasweb2\system\CodeIgniter.php(936): App\Controllers\Input->index()
#5 C:\xampp\htdocs\tugasweb2\system\CodeIgniter.php(432): CodeIgniter\CodeIgniter->runController(Object(App\Controllers\Input))
#6 C:\xampp\htdocs\tugasweb2\system\CodeIgniter.php(333): CodeIgniter\CodeIgniter->handleRequest(NULL, Object(Config\Cache), false)
#7 C:\xampp\htdocs\tugasweb2\public\index.php(44): CodeIgniter\CodeIgniter->run()
#8 {main}
CRITICAL - 2022-05-05 01:40:26 --> Undefined variable $validation
#0 C:\xampp\htdocs\tugasweb2\app\Views\form_input.php(15): CodeIgniter\Debug\Exceptions->errorHandler(2, 'Undefined varia...', 'C:\\xampp\\htdocs...', 15)
#1 C:\xampp\htdocs\tugasweb2\system\View\View.php(220): include('C:\\xampp\\htdocs...')
#2 C:\xampp\htdocs\tugasweb2\system\View\View.php(222): CodeIgniter\View\View->CodeIgniter\View\{closure}()
#3 C:\xampp\htdocs\tugasweb2\system\Common.php(1217): CodeIgniter\View\View->render('form_input', Array, true)
#4 C:\xampp\htdocs\tugasweb2\app\Controllers\Input.php(16): view('form_input', Array)
#5 C:\xampp\htdocs\tugasweb2\system\CodeIgniter.php(936): App\Controllers\Input->index()
#6 C:\xampp\htdocs\tugasweb2\system\CodeIgniter.php(432): CodeIgniter\CodeIgniter->runController(Object(App\Controllers\Input))
#7 C:\xampp\htdocs\tugasweb2\system\CodeIgniter.php(333): CodeIgniter\CodeIgniter->handleRequest(NULL, Object(Config\Cache), false)
#8 C:\xampp\htdocs\tugasweb2\public\index.php(44): CodeIgniter\CodeIgniter->run()
#9 C:\xampp\htdocs\tugasweb2\system\Commands\Server\rewrite.php(45): require_once('C:\\xampp\\htdocs...')
#10 {main}
CRITICAL - 2022-05-05 01:40:37 --> Undefined variable $validation
#0 C:\xampp\htdocs\tugasweb2\app\Views\form_input.php(15): CodeIgniter\Debug\Exceptions->errorHandler(2, 'Undefined varia...', 'C:\\xampp\\htdocs...', 15)
#1 C:\xampp\htdocs\tugasweb2\system\View\View.php(220): include('C:\\xampp\\htdocs...')
#2 C:\xampp\htdocs\tugasweb2\system\View\View.php(222): CodeIgniter\View\View->CodeIgniter\View\{closure}()
#3 C:\xampp\htdocs\tugasweb2\system\Common.php(1217): CodeIgniter\View\View->render('form_input', Array, true)
#4 C:\xampp\htdocs\tugasweb2\app\Controllers\Input.php(16): view('form_input', Array)
#5 C:\xampp\htdocs\tugasweb2\system\CodeIgniter.php(936): App\Controllers\Input->index()
#6 C:\xampp\htdocs\tugasweb2\system\CodeIgniter.php(432): CodeIgniter\CodeIgniter->runController(Object(App\Controllers\Input))
#7 C:\xampp\htdocs\tugasweb2\system\CodeIgniter.php(333): CodeIgniter\CodeIgniter->handleRequest(NULL, Object(Config\Cache), false)
#8 C:\xampp\htdocs\tugasweb2\public\index.php(44): CodeIgniter\CodeIgniter->run()
#9 {main}
CRITICAL - 2022-05-05 01:43:01 --> Undefined variable $validation
#0 C:\xampp\htdocs\tugasweb2\app\Views\form_input.php(15): CodeIgniter\Debug\Exceptions->errorHandler(2, 'Undefined varia...', 'C:\\xampp\\htdocs...', 15)
#1 C:\xampp\htdocs\tugasweb2\system\View\View.php(220): include('C:\\xampp\\htdocs...')
#2 C:\xampp\htdocs\tugasweb2\system\View\View.php(222): CodeIgniter\View\View->CodeIgniter\View\{closure}()
#3 C:\xampp\htdocs\tugasweb2\system\Common.php(1217): CodeIgniter\View\View->render('form_input', Array, true)
#4 C:\xampp\htdocs\tugasweb2\app\Controllers\Input.php(16): view('form_input', Array)
#5 C:\xampp\htdocs\tugasweb2\system\CodeIgniter.php(936): App\Controllers\Input->index()
#6 C:\xampp\htdocs\tugasweb2\system\CodeIgniter.php(432): CodeIgniter\CodeIgniter->runController(Object(App\Controllers\Input))
#7 C:\xampp\htdocs\tugasweb2\system\CodeIgniter.php(333): CodeIgniter\CodeIgniter->handleRequest(NULL, Object(Config\Cache), false)
#8 C:\xampp\htdocs\tugasweb2\public\index.php(44): CodeIgniter\CodeIgniter->run()
#9 {main}
CRITICAL - 2022-05-05 01:43:21 --> Undefined variable $validation
#0 C:\xampp\htdocs\tugasweb2\app\Views\form_input.php(15): CodeIgniter\Debug\Exceptions->errorHandler(2, 'Undefined varia...', 'C:\\xampp\\htdocs...', 15)
#1 C:\xampp\htdocs\tugasweb2\system\View\View.php(220): include('C:\\xampp\\htdocs...')
#2 C:\xampp\htdocs\tugasweb2\system\View\View.php(222): CodeIgniter\View\View->CodeIgniter\View\{closure}()
#3 C:\xampp\htdocs\tugasweb2\system\Common.php(1217): CodeIgniter\View\View->render('form_input', Array, true)
#4 C:\xampp\htdocs\tugasweb2\app\Controllers\Input.php(16): view('form_input', Array)
#5 C:\xampp\htdocs\tugasweb2\system\CodeIgniter.php(936): App\Controllers\Input->index()
#6 C:\xampp\htdocs\tugasweb2\system\CodeIgniter.php(432): CodeIgniter\CodeIgniter->runController(Object(App\Controllers\Input))
#7 C:\xampp\htdocs\tugasweb2\system\CodeIgniter.php(333): CodeIgniter\CodeIgniter->handleRequest(NULL, Object(Config\Cache), false)
#8 C:\xampp\htdocs\tugasweb2\public\index.php(44): CodeIgniter\CodeIgniter->run()
#9 {main}
CRITICAL - 2022-05-05 01:43:21 --> Undefined variable $validation
#0 C:\xampp\htdocs\tugasweb2\app\Views\form_input.php(15): CodeIgniter\Debug\Exceptions->errorHandler(2, 'Undefined varia...', 'C:\\xampp\\htdocs...', 15)
#1 C:\xampp\htdocs\tugasweb2\system\View\View.php(220): include('C:\\xampp\\htdocs...')
#2 C:\xampp\htdocs\tugasweb2\system\View\View.php(222): CodeIgniter\View\View->CodeIgniter\View\{closure}()
#3 C:\xampp\htdocs\tugasweb2\system\Common.php(1217): CodeIgniter\View\View->render('form_input', Array, true)
#4 C:\xampp\htdocs\tugasweb2\app\Controllers\Input.php(16): view('form_input', Array)
#5 C:\xampp\htdocs\tugasweb2\system\CodeIgniter.php(936): App\Controllers\Input->index()
#6 C:\xampp\htdocs\tugasweb2\system\CodeIgniter.php(432): CodeIgniter\CodeIgniter->runController(Object(App\Controllers\Input))
#7 C:\xampp\htdocs\tugasweb2\system\CodeIgniter.php(333): CodeIgniter\CodeIgniter->handleRequest(NULL, Object(Config\Cache), false)
#8 C:\xampp\htdocs\tugasweb2\public\index.php(44): CodeIgniter\CodeIgniter->run()
#9 {main}
CRITICAL - 2022-05-05 01:43:22 --> Undefined variable $validation
#0 C:\xampp\htdocs\tugasweb2\app\Views\form_input.php(15): CodeIgniter\Debug\Exceptions->errorHandler(2, 'Undefined varia...', 'C:\\xampp\\htdocs...', 15)
#1 C:\xampp\htdocs\tugasweb2\system\View\View.php(220): include('C:\\xampp\\htdocs...')
#2 C:\xampp\htdocs\tugasweb2\system\View\View.php(222): CodeIgniter\View\View->CodeIgniter\View\{closure}()
#3 C:\xampp\htdocs\tugasweb2\system\Common.php(1217): CodeIgniter\View\View->render('form_input', Array, true)
#4 C:\xampp\htdocs\tugasweb2\app\Controllers\Input.php(16): view('form_input', Array)
#5 C:\xampp\htdocs\tugasweb2\system\CodeIgniter.php(936): App\Controllers\Input->index()
#6 C:\xampp\htdocs\tugasweb2\system\CodeIgniter.php(432): CodeIgniter\CodeIgniter->runController(Object(App\Controllers\Input))
#7 C:\xampp\htdocs\tugasweb2\system\CodeIgniter.php(333): CodeIgniter\CodeIgniter->handleRequest(NULL, Object(Config\Cache), false)
#8 C:\xampp\htdocs\tugasweb2\public\index.php(44): CodeIgniter\CodeIgniter->run()
#9 {main}
CRITICAL - 2022-05-05 01:43:22 --> Undefined variable $validation
#0 C:\xampp\htdocs\tugasweb2\app\Views\form_input.php(15): CodeIgniter\Debug\Exceptions->errorHandler(2, 'Undefined varia...', 'C:\\xampp\\htdocs...', 15)
#1 C:\xampp\htdocs\tugasweb2\system\View\View.php(220): include('C:\\xampp\\htdocs...')
#2 C:\xampp\htdocs\tugasweb2\system\View\View.php(222): CodeIgniter\View\View->CodeIgniter\View\{closure}()
#3 C:\xampp\htdocs\tugasweb2\system\Common.php(1217): CodeIgniter\View\View->render('form_input', Array, true)
#4 C:\xampp\htdocs\tugasweb2\app\Controllers\Input.php(16): view('form_input', Array)
#5 C:\xampp\htdocs\tugasweb2\system\CodeIgniter.php(936): App\Controllers\Input->index()
#6 C:\xampp\htdocs\tugasweb2\system\CodeIgniter.php(432): CodeIgniter\CodeIgniter->runController(Object(App\Controllers\Input))
#7 C:\xampp\htdocs\tugasweb2\system\CodeIgniter.php(333): CodeIgniter\CodeIgniter->handleRequest(NULL, Object(Config\Cache), false)
#8 C:\xampp\htdocs\tugasweb2\public\index.php(44): CodeIgniter\CodeIgniter->run()
#9 {main}
CRITICAL - 2022-05-05 01:47:36 --> Undefined variable $validation
#0 C:\xampp\htdocs\tugasweb2\app\Views\form_input.php(11): CodeIgniter\Debug\Exceptions->errorHandler(2, 'Undefined varia...', 'C:\\xampp\\htdocs...', 11)
#1 C:\xampp\htdocs\tugasweb2\system\View\View.php(220): include('C:\\xampp\\htdocs...')
#2 C:\xampp\htdocs\tugasweb2\system\View\View.php(222): CodeIgniter\View\View->CodeIgniter\View\{closure}()
#3 C:\xampp\htdocs\tugasweb2\system\Common.php(1217): CodeIgniter\View\View->render('form_input', Array, true)
#4 C:\xampp\htdocs\tugasweb2\app\Controllers\Input.php(8): view('form_input')
#5 C:\xampp\htdocs\tugasweb2\system\CodeIgniter.php(936): App\Controllers\Input->index()
#6 C:\xampp\htdocs\tugasweb2\system\CodeIgniter.php(432): CodeIgniter\CodeIgniter->runController(Object(App\Controllers\Input))
#7 C:\xampp\htdocs\tugasweb2\system\CodeIgniter.php(333): CodeIgniter\CodeIgniter->handleRequest(NULL, Object(Config\Cache), false)
#8 C:\xampp\htdocs\tugasweb2\public\index.php(44): CodeIgniter\CodeIgniter->run()
#9 {main}
CRITICAL - 2022-05-05 01:47:38 --> Undefined variable $validation
#0 C:\xampp\htdocs\tugasweb2\app\Views\form_input.php(11): CodeIgniter\Debug\Exceptions->errorHandler(2, 'Undefined varia...', 'C:\\xampp\\htdocs...', 11)
#1 C:\xampp\htdocs\tugasweb2\system\View\View.php(220): include('C:\\xampp\\htdocs...')
#2 C:\xampp\htdocs\tugasweb2\system\View\View.php(222): CodeIgniter\View\View->CodeIgniter\View\{closure}()
#3 C:\xampp\htdocs\tugasweb2\system\Common.php(1217): CodeIgniter\View\View->render('form_input', Array, true)
#4 C:\xampp\htdocs\tugasweb2\app\Controllers\Input.php(8): view('form_input')
#5 C:\xampp\htdocs\tugasweb2\system\CodeIgniter.php(936): App\Controllers\Input->index()
#6 C:\xampp\htdocs\tugasweb2\system\CodeIgniter.php(432): CodeIgniter\CodeIgniter->runController(Object(App\Controllers\Input))
#7 C:\xampp\htdocs\tugasweb2\system\CodeIgniter.php(333): CodeIgniter\CodeIgniter->handleRequest(NULL, Object(Config\Cache), false)
#8 C:\xampp\htdocs\tugasweb2\public\index.php(44): CodeIgniter\CodeIgniter->run()
#9 {main}
CRITICAL - 2022-05-05 01:48:25 --> Undefined variable $validation
#0 C:\xampp\htdocs\tugasweb2\app\Views\form_input.php(11): CodeIgniter\Debug\Exceptions->errorHandler(2, 'Undefined varia...', 'C:\\xampp\\htdocs...', 11)
#1 C:\xampp\htdocs\tugasweb2\system\View\View.php(220): include('C:\\xampp\\htdocs...')
#2 C:\xampp\htdocs\tugasweb2\system\View\View.php(222): CodeIgniter\View\View->CodeIgniter\View\{closure}()
#3 C:\xampp\htdocs\tugasweb2\system\Common.php(1217): CodeIgniter\View\View->render('form_input', Array, true)
#4 C:\xampp\htdocs\tugasweb2\app\Controllers\Input.php(8): view('form_input')
#5 C:\xampp\htdocs\tugasweb2\system\CodeIgniter.php(936): App\Controllers\Input->index()
#6 C:\xampp\htdocs\tugasweb2\system\CodeIgniter.php(432): CodeIgniter\CodeIgniter->runController(Object(App\Controllers\Input))
#7 C:\xampp\htdocs\tugasweb2\system\CodeIgniter.php(333): CodeIgniter\CodeIgniter->handleRequest(NULL, Object(Config\Cache), false)
#8 C:\xampp\htdocs\tugasweb2\public\index.php(44): CodeIgniter\CodeIgniter->run()
#9 {main}
CRITICAL - 2022-05-05 01:49:07 --> Undefined variable $validation
#0 C:\xampp\htdocs\tugasweb2\app\Views\form_input.php(11): CodeIgniter\Debug\Exceptions->errorHandler(2, 'Undefined varia...', 'C:\\xampp\\htdocs...', 11)
#1 C:\xampp\htdocs\tugasweb2\system\View\View.php(220): include('C:\\xampp\\htdocs...')
#2 C:\xampp\htdocs\tugasweb2\system\View\View.php(222): CodeIgniter\View\View->CodeIgniter\View\{closure}()
#3 C:\xampp\htdocs\tugasweb2\system\Common.php(1217): CodeIgniter\View\View->render('form_input', Array, true)
#4 C:\xampp\htdocs\tugasweb2\app\Controllers\Input.php(9): view('form_input')
#5 C:\xampp\htdocs\tugasweb2\system\CodeIgniter.php(936): App\Controllers\Input->index()
#6 C:\xampp\htdocs\tugasweb2\system\CodeIgniter.php(432): CodeIgniter\CodeIgniter->runController(Object(App\Controllers\Input))
#7 C:\xampp\htdocs\tugasweb2\system\CodeIgniter.php(333): CodeIgniter\CodeIgniter->handleRequest(NULL, Object(Config\Cache), false)
#8 C:\xampp\htdocs\tugasweb2\public\index.php(44): CodeIgniter\CodeIgniter->run()
#9 {main}
CRITICAL - 2022-05-05 01:52:07 --> Undefined variable $nama
#0 C:\xampp\htdocs\tugasweb2\app\Views\hasil_input.php(26): CodeIgniter\Debug\Exceptions->errorHandler(2, 'Undefined varia...', 'C:\\xampp\\htdocs...', 26)
#1 C:\xampp\htdocs\tugasweb2\system\View\View.php(220): include('C:\\xampp\\htdocs...')
#2 C:\xampp\htdocs\tugasweb2\system\View\View.php(222): CodeIgniter\View\View->CodeIgniter\View\{closure}()
#3 C:\xampp\htdocs\tugasweb2\system\Common.php(1217): CodeIgniter\View\View->render('hasil_input', Array, true)
#4 C:\xampp\htdocs\tugasweb2\app\Controllers\Input.php(17): view('hasil_input')
#5 C:\xampp\htdocs\tugasweb2\system\CodeIgniter.php(936): App\Controllers\Input->index()
#6 C:\xampp\htdocs\tugasweb2\system\CodeIgniter.php(432): CodeIgniter\CodeIgniter->runController(Object(App\Controllers\Input))
#7 C:\xampp\htdocs\tugasweb2\system\CodeIgniter.php(333): CodeIgniter\CodeIgniter->handleRequest(NULL, Object(Config\Cache), false)
#8 C:\xampp\htdocs\tugasweb2\public\index.php(44): CodeIgniter\CodeIgniter->run()
#9 {main}
CRITICAL - 2022-05-05 01:59:06 --> input/hasil route cannot be found while reverse-routing.
#0 C:\xampp\htdocs\tugasweb2\system\Helpers\url_helper.php(648): CodeIgniter\Router\Exceptions\RouterException::forInvalidRoute('input/hasil')
#1 C:\xampp\htdocs\tugasweb2\app\Controllers\Input.php(17): url_to('input/hasil')
#2 C:\xampp\htdocs\tugasweb2\system\CodeIgniter.php(936): App\Controllers\Input->index()
#3 C:\xampp\htdocs\tugasweb2\system\CodeIgniter.php(432): CodeIgniter\CodeIgniter->runController(Object(App\Controllers\Input))
#4 C:\xampp\htdocs\tugasweb2\system\CodeIgniter.php(333): CodeIgniter\CodeIgniter->handleRequest(NULL, Object(Config\Cache), false)
#5 C:\xampp\htdocs\tugasweb2\public\index.php(44): CodeIgniter\CodeIgniter->run()
#6 {main}
CRITICAL - 2022-05-05 01:59:12 --> input/hasil route cannot be found while reverse-routing.
#0 C:\xampp\htdocs\tugasweb2\system\Helpers\url_helper.php(648): CodeIgniter\Router\Exceptions\RouterException::forInvalidRoute('input/hasil')
#1 C:\xampp\htdocs\tugasweb2\app\Controllers\Input.php(17): url_to('input/hasil')
#2 C:\xampp\htdocs\tugasweb2\system\CodeIgniter.php(936): App\Controllers\Input->index()
#3 C:\xampp\htdocs\tugasweb2\system\CodeIgniter.php(432): CodeIgniter\CodeIgniter->runController(Object(App\Controllers\Input))
#4 C:\xampp\htdocs\tugasweb2\system\CodeIgniter.php(333): CodeIgniter\CodeIgniter->handleRequest(NULL, Object(Config\Cache), false)
#5 C:\xampp\htdocs\tugasweb2\public\index.php(44): CodeIgniter\CodeIgniter->run()
#6 {main}
CRITICAL - 2022-05-05 02:03:52 --> Undefined array key "nama"
#0 C:\xampp\htdocs\tugasweb2\app\Controllers\Input.php(23): CodeIgniter\Debug\Exceptions->errorHandler(2, 'Undefined array...', 'C:\\xampp\\htdocs...', 23)
#1 C:\xampp\htdocs\tugasweb2\system\CodeIgniter.php(936): App\Controllers\Input->hasil()
#2 C:\xampp\htdocs\tugasweb2\system\CodeIgniter.php(432): CodeIgniter\CodeIgniter->runController(Object(App\Controllers\Input))
#3 C:\xampp\htdocs\tugasweb2\system\CodeIgniter.php(333): CodeIgniter\CodeIgniter->handleRequest(NULL, Object(Config\Cache), false)
#4 C:\xampp\htdocs\tugasweb2\public\index.php(44): CodeIgniter\CodeIgniter->run()
#5 C:\xampp\htdocs\tugasweb2\system\Commands\Server\rewrite.php(45): require_once('C:\\xampp\\htdocs...')
#6 {main}
CRITICAL - 2022-05-05 02:04:46 --> Undefined array key "nama"
#0 C:\xampp\htdocs\tugasweb2\app\Controllers\Input.php(23): CodeIgniter\Debug\Exceptions->errorHandler(2, 'Undefined array...', 'C:\\xampp\\htdocs...', 23)
#1 C:\xampp\htdocs\tugasweb2\system\CodeIgniter.php(936): App\Controllers\Input->hasil()
#2 C:\xampp\htdocs\tugasweb2\system\CodeIgniter.php(432): CodeIgniter\CodeIgniter->runController(Object(App\Controllers\Input))
#3 C:\xampp\htdocs\tugasweb2\system\CodeIgniter.php(333): CodeIgniter\CodeIgniter->handleRequest(NULL, Object(Config\Cache), false)
#4 C:\xampp\htdocs\tugasweb2\public\index.php(44): CodeIgniter\CodeIgniter->run()
#5 C:\xampp\htdocs\tugasweb2\system\Commands\Server\rewrite.php(45): require_once('C:\\xampp\\htdocs...')
#6 {main}
CRITICAL - 2022-05-05 02:04:47 --> Undefined array key "nama"
#0 C:\xampp\htdocs\tugasweb2\app\Controllers\Input.php(23): CodeIgniter\Debug\Exceptions->errorHandler(2, 'Undefined array...', 'C:\\xampp\\htdocs...', 23)
#1 C:\xampp\htdocs\tugasweb2\system\CodeIgniter.php(936): App\Controllers\Input->hasil()
#2 C:\xampp\htdocs\tugasweb2\system\CodeIgniter.php(432): CodeIgniter\CodeIgniter->runController(Object(App\Controllers\Input))
#3 C:\xampp\htdocs\tugasweb2\system\CodeIgniter.php(333): CodeIgniter\CodeIgniter->handleRequest(NULL, Object(Config\Cache), false)
#4 C:\xampp\htdocs\tugasweb2\public\index.php(44): CodeIgniter\CodeIgniter->run()
#5 C:\xampp\htdocs\tugasweb2\system\Commands\Server\rewrite.php(45): require_once('C:\\xampp\\htdocs...')
#6 {main}
CRITICAL - 2022-05-05 02:04:50 --> Undefined array key "nama"
#0 C:\xampp\htdocs\tugasweb2\app\Controllers\Input.php(23): CodeIgniter\Debug\Exceptions->errorHandler(2, 'Undefined array...', 'C:\\xampp\\htdocs...', 23)
#1 C:\xampp\htdocs\tugasweb2\system\CodeIgniter.php(936): App\Controllers\Input->hasil()
#2 C:\xampp\htdocs\tugasweb2\system\CodeIgniter.php(432): CodeIgniter\CodeIgniter->runController(Object(App\Controllers\Input))
#3 C:\xampp\htdocs\tugasweb2\system\CodeIgniter.php(333): CodeIgniter\CodeIgniter->handleRequest(NULL, Object(Config\Cache), false)
#4 C:\xampp\htdocs\tugasweb2\public\index.php(44): CodeIgniter\CodeIgniter->run()
#5 C:\xampp\htdocs\tugasweb2\system\Commands\Server\rewrite.php(45): require_once('C:\\xampp\\htdocs...')
#6 {main}
CRITICAL - 2022-05-05 02:04:58 --> Undefined array key "nama"
#0 C:\xampp\htdocs\tugasweb2\app\Controllers\Input.php(23): CodeIgniter\Debug\Exceptions->errorHandler(2, 'Undefined array...', 'C:\\xampp\\htdocs...', 23)
#1 C:\xampp\htdocs\tugasweb2\system\CodeIgniter.php(936): App\Controllers\Input->hasil()
#2 C:\xampp\htdocs\tugasweb2\system\CodeIgniter.php(432): CodeIgniter\CodeIgniter->runController(Object(App\Controllers\Input))
#3 C:\xampp\htdocs\tugasweb2\system\CodeIgniter.php(333): CodeIgniter\CodeIgniter->handleRequest(NULL, Object(Config\Cache), false)
#4 C:\xampp\htdocs\tugasweb2\public\index.php(44): CodeIgniter\CodeIgniter->run()
#5 C:\xampp\htdocs\tugasweb2\system\Commands\Server\rewrite.php(45): require_once('C:\\xampp\\htdocs...')
#6 {main}
CRITICAL - 2022-05-05 02:05:18 --> Undefined array key "nama"
#0 C:\xampp\htdocs\tugasweb2\app\Controllers\Input.php(23): CodeIgniter\Debug\Exceptions->errorHandler(2, 'Undefined array...', 'C:\\xampp\\htdocs...', 23)
#1 C:\xampp\htdocs\tugasweb2\system\CodeIgniter.php(936): App\Controllers\Input->hasil()
#2 C:\xampp\htdocs\tugasweb2\system\CodeIgniter.php(432): CodeIgniter\CodeIgniter->runController(Object(App\Controllers\Input))
#3 C:\xampp\htdocs\tugasweb2\system\CodeIgniter.php(333): CodeIgniter\CodeIgniter->handleRequest(NULL, Object(Config\Cache), false)
#4 C:\xampp\htdocs\tugasweb2\public\index.php(44): CodeIgniter\CodeIgniter->run()
#5 C:\xampp\htdocs\tugasweb2\system\Commands\Server\rewrite.php(45): require_once('C:\\xampp\\htdocs...')
#6 {main}
CRITICAL - 2022-05-05 02:06:44 --> Undefined array key "nama"
#0 C:\xampp\htdocs\tugasweb2\app\Controllers\Input.php(23): CodeIgniter\Debug\Exceptions->errorHandler(2, 'Undefined array...', 'C:\\xampp\\htdocs...', 23)
#1 C:\xampp\htdocs\tugasweb2\system\CodeIgniter.php(936): App\Controllers\Input->hasil()
#2 C:\xampp\htdocs\tugasweb2\system\CodeIgniter.php(432): CodeIgniter\CodeIgniter->runController(Object(App\Controllers\Input))
#3 C:\xampp\htdocs\tugasweb2\system\CodeIgniter.php(333): CodeIgniter\CodeIgniter->handleRequest(NULL, Object(Config\Cache), false)
#4 C:\xampp\htdocs\tugasweb2\public\index.php(44): CodeIgniter\CodeIgniter->run()
#5 C:\xampp\htdocs\tugasweb2\system\Commands\Server\rewrite.php(45): require_once('C:\\xampp\\htdocs...')
#6 {main}
CRITICAL - 2022-05-05 02:08:44 --> Undefined array key "nama"
#0 C:\xampp\htdocs\tugasweb2\app\Controllers\Input.php(21): CodeIgniter\Debug\Exceptions->errorHandler(2, 'Undefined array...', 'C:\\xampp\\htdocs...', 21)
#1 C:\xampp\htdocs\tugasweb2\system\CodeIgniter.php(936): App\Controllers\Input->hasil()
#2 C:\xampp\htdocs\tugasweb2\system\CodeIgniter.php(432): CodeIgniter\CodeIgniter->runController(Object(App\Controllers\Input))
#3 C:\xampp\htdocs\tugasweb2\system\CodeIgniter.php(333): CodeIgniter\CodeIgniter->handleRequest(NULL, Object(Config\Cache), false)
#4 C:\xampp\htdocs\tugasweb2\public\index.php(44): CodeIgniter\CodeIgniter->run()
#5 C:\xampp\htdocs\tugasweb2\system\Commands\Server\rewrite.php(45): require_once('C:\\xampp\\htdocs...')
#6 {main}
CRITICAL - 2022-05-05 02:08:44 --> Undefined array key "nama"
#0 C:\xampp\htdocs\tugasweb2\app\Controllers\Input.php(21): CodeIgniter\Debug\Exceptions->errorHandler(2, 'Undefined array...', 'C:\\xampp\\htdocs...', 21)
#1 C:\xampp\htdocs\tugasweb2\system\CodeIgniter.php(936): App\Controllers\Input->hasil()
#2 C:\xampp\htdocs\tugasweb2\system\CodeIgniter.php(432): CodeIgniter\CodeIgniter->runController(Object(App\Controllers\Input))
#3 C:\xampp\htdocs\tugasweb2\system\CodeIgniter.php(333): CodeIgniter\CodeIgniter->handleRequest(NULL, Object(Config\Cache), false)
#4 C:\xampp\htdocs\tugasweb2\public\index.php(44): CodeIgniter\CodeIgniter->run()
#5 C:\xampp\htdocs\tugasweb2\system\Commands\Server\rewrite.php(45): require_once('C:\\xampp\\htdocs...')
#6 {main}
CRITICAL - 2022-05-05 04:24:39 --> Call to undefined function form_open()
#0 C:\xampp\htdocs\tugasweb2\system\View\View.php(220): include()
#1 C:\xampp\htdocs\tugasweb2\system\View\View.php(222): CodeIgniter\View\View->CodeIgniter\View\{closure}()
#2 C:\xampp\htdocs\tugasweb2\system\Common.php(1217): CodeIgniter\View\View->render('form_input', Array, true)
#3 C:\xampp\htdocs\tugasweb2\app\Controllers\Input.php(14): view('form_input', Array)
#4 C:\xampp\htdocs\tugasweb2\system\CodeIgniter.php(936): App\Controllers\Input->index()
#5 C:\xampp\htdocs\tugasweb2\system\CodeIgniter.php(432): CodeIgniter\CodeIgniter->runController(Object(App\Controllers\Input))
#6 C:\xampp\htdocs\tugasweb2\system\CodeIgniter.php(333): CodeIgniter\CodeIgniter->handleRequest(NULL, Object(Config\Cache), false)
#7 C:\xampp\htdocs\tugasweb2\public\index.php(44): CodeIgniter\CodeIgniter->run()
#8 {main}
CRITICAL - 2022-05-05 04:25:05 --> Call to undefined function form_open()
#0 C:\xampp\htdocs\tugasweb2\system\View\View.php(220): include()
#1 C:\xampp\htdocs\tugasweb2\system\View\View.php(222): CodeIgniter\View\View->CodeIgniter\View\{closure}()
#2 C:\xampp\htdocs\tugasweb2\system\Common.php(1217): CodeIgniter\View\View->render('form_input', Array, true)
#3 C:\xampp\htdocs\tugasweb2\app\Controllers\Input.php(14): view('form_input', Array)
#4 C:\xampp\htdocs\tugasweb2\system\CodeIgniter.php(936): App\Controllers\Input->index()
#5 C:\xampp\htdocs\tugasweb2\system\CodeIgniter.php(432): CodeIgniter\CodeIgniter->runController(Object(App\Controllers\Input))
#6 C:\xampp\htdocs\tugasweb2\system\CodeIgniter.php(333): CodeIgniter\CodeIgniter->handleRequest(NULL, Object(Config\Cache), false)
#7 C:\xampp\htdocs\tugasweb2\public\index.php(44): CodeIgniter\CodeIgniter->run()
#8 {main}
CRITICAL - 2022-05-05 04:25:20 --> Call to undefined function form_open()
#0 C:\xampp\htdocs\tugasweb2\system\View\View.php(220): include()
#1 C:\xampp\htdocs\tugasweb2\system\View\View.php(222): CodeIgniter\View\View->CodeIgniter\View\{closure}()
#2 C:\xampp\htdocs\tugasweb2\system\Common.php(1217): CodeIgniter\View\View->render('form_input', Array, true)
#3 C:\xampp\htdocs\tugasweb2\app\Controllers\Input.php(14): view('form_input', Array)
#4 C:\xampp\htdocs\tugasweb2\system\CodeIgniter.php(936): App\Controllers\Input->index()
#5 C:\xampp\htdocs\tugasweb2\system\CodeIgniter.php(432): CodeIgniter\CodeIgniter->runController(Object(App\Controllers\Input))
#6 C:\xampp\htdocs\tugasweb2\system\CodeIgniter.php(333): CodeIgniter\CodeIgniter->handleRequest(NULL, Object(Config\Cache), false)
#7 C:\xampp\htdocs\tugasweb2\public\index.php(44): CodeIgniter\CodeIgniter->run()
#8 {main}
CRITICAL - 2022-05-05 04:25:57 --> Call to undefined function form_open()
#0 C:\xampp\htdocs\tugasweb2\system\View\View.php(220): include()
#1 C:\xampp\htdocs\tugasweb2\system\View\View.php(222): CodeIgniter\View\View->CodeIgniter\View\{closure}()
#2 C:\xampp\htdocs\tugasweb2\system\Common.php(1217): CodeIgniter\View\View->render('form_input', Array, true)
#3 C:\xampp\htdocs\tugasweb2\app\Controllers\Input.php(14): view('form_input', Array)
#4 C:\xampp\htdocs\tugasweb2\system\CodeIgniter.php(936): App\Controllers\Input->index()
#5 C:\xampp\htdocs\tugasweb2\system\CodeIgniter.php(432): CodeIgniter\CodeIgniter->runController(Object(App\Controllers\Input))
#6 C:\xampp\htdocs\tugasweb2\system\CodeIgniter.php(333): CodeIgniter\CodeIgniter->handleRequest(NULL, Object(Config\Cache), false)
#7 C:\xampp\htdocs\tugasweb2\public\index.php(44): CodeIgniter\CodeIgniter->run()
#8 {main}
CRITICAL - 2022-05-05 04:27:57 --> Call to undefined function form_open()
#0 C:\xampp\htdocs\tugasweb2\system\View\View.php(220): include()
#1 C:\xampp\htdocs\tugasweb2\system\View\View.php(222): CodeIgniter\View\View->CodeIgniter\View\{closure}()
#2 C:\xampp\htdocs\tugasweb2\system\Common.php(1217): CodeIgniter\View\View->render('form_input', Array, true)
#3 C:\xampp\htdocs\tugasweb2\app\Controllers\Input.php(14): view('form_input', Array)
#4 C:\xampp\htdocs\tugasweb2\system\CodeIgniter.php(936): App\Controllers\Input->index()
#5 C:\xampp\htdocs\tugasweb2\system\CodeIgniter.php(432): CodeIgniter\CodeIgniter->runController(Object(App\Controllers\Input))
#6 C:\xampp\htdocs\tugasweb2\system\CodeIgniter.php(333): CodeIgniter\CodeIgniter->handleRequest(NULL, Object(Config\Cache), false)
#7 C:\xampp\htdocs\tugasweb2\public\index.php(44): CodeIgniter\CodeIgniter->run()
#8 C:\xampp\htdocs\tugasweb2\system\Commands\Server\rewrite.php(45): require_once('C:\\xampp\\htdocs...')
#9 {main}
CRITICAL - 2022-05-05 04:28:08 --> Call to undefined function form_open()
#0 C:\xampp\htdocs\tugasweb2\system\View\View.php(220): include()
#1 C:\xampp\htdocs\tugasweb2\system\View\View.php(222): CodeIgniter\View\View->CodeIgniter\View\{closure}()
#2 C:\xampp\htdocs\tugasweb2\system\Common.php(1217): CodeIgniter\View\View->render('form_input', Array, true)
#3 C:\xampp\htdocs\tugasweb2\app\Controllers\Input.php(14): view('form_input', Array)
#4 C:\xampp\htdocs\tugasweb2\system\CodeIgniter.php(936): App\Controllers\Input->index()
#5 C:\xampp\htdocs\tugasweb2\system\CodeIgniter.php(432): CodeIgniter\CodeIgniter->runController(Object(App\Controllers\Input))
#6 C:\xampp\htdocs\tugasweb2\system\CodeIgniter.php(333): CodeIgniter\CodeIgniter->handleRequest(NULL, Object(Config\Cache), false)
#7 C:\xampp\htdocs\tugasweb2\public\index.php(44): CodeIgniter\CodeIgniter->run()
#8 C:\xampp\htdocs\tugasweb2\system\Commands\Server\rewrite.php(45): require_once('C:\\xampp\\htdocs...')
#9 {main}
CRITICAL - 2022-05-05 04:30:08 -->  route cannot be found while reverse-routing.
#0 C:\xampp\htdocs\tugasweb2\system\HTTP\RedirectResponse.php(63): CodeIgniter\HTTP\Exceptions\HTTPException::forInvalidRedirectRoute('')
#1 C:\xampp\htdocs\tugasweb2\system\Common.php(918): CodeIgniter\HTTP\RedirectResponse->route(false)
#2 C:\xampp\htdocs\tugasweb2\app\Controllers\Input.php(17): redirect('/hasil')
#3 C:\xampp\htdocs\tugasweb2\system\CodeIgniter.php(936): App\Controllers\Input->index()
#4 C:\xampp\htdocs\tugasweb2\system\CodeIgniter.php(432): CodeIgniter\CodeIgniter->runController(Object(App\Controllers\Input))
#5 C:\xampp\htdocs\tugasweb2\system\CodeIgniter.php(333): CodeIgniter\CodeIgniter->handleRequest(NULL, Object(Config\Cache), false)
#6 C:\xampp\htdocs\tugasweb2\public\index.php(44): CodeIgniter\CodeIgniter->run()
#7 C:\xampp\htdocs\tugasweb2\system\Commands\Server\rewrite.php(45): require_once('C:\\xampp\\htdocs...')
#8 {main}
CRITICAL - 2022-05-05 04:30:15 -->  route cannot be found while reverse-routing.
#0 C:\xampp\htdocs\tugasweb2\system\HTTP\RedirectResponse.php(63): CodeIgniter\HTTP\Exceptions\HTTPException::forInvalidRedirectRoute('')
#1 C:\xampp\htdocs\tugasweb2\system\Common.php(918): CodeIgniter\HTTP\RedirectResponse->route(false)
#2 C:\xampp\htdocs\tugasweb2\app\Controllers\Input.php(17): redirect('/hasil')
#3 C:\xampp\htdocs\tugasweb2\system\CodeIgniter.php(936): App\Controllers\Input->index()
#4 C:\xampp\htdocs\tugasweb2\system\CodeIgniter.php(432): CodeIgniter\CodeIgniter->runController(Object(App\Controllers\Input))
#5 C:\xampp\htdocs\tugasweb2\system\CodeIgniter.php(333): CodeIgniter\CodeIgniter->handleRequest(NULL, Object(Config\Cache), false)
#6 C:\xampp\htdocs\tugasweb2\public\index.php(44): CodeIgniter\CodeIgniter->run()
#7 C:\xampp\htdocs\tugasweb2\system\Commands\Server\rewrite.php(45): require_once('C:\\xampp\\htdocs...')
#8 {main}
CRITICAL - 2022-05-05 04:51:41 --> Undefined array key "nama"
#0 C:\xampp\htdocs\tugasweb2\app\Controllers\Input.php(23): CodeIgniter\Debug\Exceptions->errorHandler(2, 'Undefined array...', 'C:\\xampp\\htdocs...', 23)
#1 C:\xampp\htdocs\tugasweb2\system\CodeIgniter.php(936): App\Controllers\Input->hasil()
#2 C:\xampp\htdocs\tugasweb2\system\CodeIgniter.php(432): CodeIgniter\CodeIgniter->runController(Object(App\Controllers\Input))
#3 C:\xampp\htdocs\tugasweb2\system\CodeIgniter.php(333): CodeIgniter\CodeIgniter->handleRequest(NULL, Object(Config\Cache), false)
#4 C:\xampp\htdocs\tugasweb2\public\index.php(44): CodeIgniter\CodeIgniter->run()
#5 C:\xampp\htdocs\tugasweb2\system\Commands\Server\rewrite.php(45): require_once('C:\\xampp\\htdocs...')
#6 {main}
CRITICAL - 2022-05-05 04:51:50 --> Undefined array key "nama"
#0 C:\xampp\htdocs\tugasweb2\app\Controllers\Input.php(23): CodeIgniter\Debug\Exceptions->errorHandler(2, 'Undefined array...', 'C:\\xampp\\htdocs...', 23)
#1 C:\xampp\htdocs\tugasweb2\system\CodeIgniter.php(936): App\Controllers\Input->hasil()
#2 C:\xampp\htdocs\tugasweb2\system\CodeIgniter.php(432): CodeIgniter\CodeIgniter->runController(Object(App\Controllers\Input))
#3 C:\xampp\htdocs\tugasweb2\system\CodeIgniter.php(333): CodeIgniter\CodeIgniter->handleRequest(NULL, Object(Config\Cache), false)
#4 C:\xampp\htdocs\tugasweb2\public\index.php(44): CodeIgniter\CodeIgniter->run()
#5 C:\xampp\htdocs\tugasweb2\system\Commands\Server\rewrite.php(45): require_once('C:\\xampp\\htdocs...')
#6 {main}
CRITICAL - 2022-05-05 05:06:10 --> Undefined variable $validation
#0 C:\xampp\htdocs\tugasweb2\app\Views\form_input.php(11): CodeIgniter\Debug\Exceptions->errorHandler(2, 'Undefined varia...', 'C:\\xampp\\htdocs...', 11)
#1 C:\xampp\htdocs\tugasweb2\system\View\View.php(220): include('C:\\xampp\\htdocs...')
#2 C:\xampp\htdocs\tugasweb2\system\View\View.php(222): CodeIgniter\View\View->CodeIgniter\View\{closure}()
#3 C:\xampp\htdocs\tugasweb2\system\Common.php(1217): CodeIgniter\View\View->render('form_input', Array, true)
#4 C:\xampp\htdocs\tugasweb2\app\Controllers\Input.php(26): view('form_input')
#5 C:\xampp\htdocs\tugasweb2\system\CodeIgniter.php(936): App\Controllers\Input->index()
#6 C:\xampp\htdocs\tugasweb2\system\CodeIgniter.php(432): CodeIgniter\CodeIgniter->runController(Object(App\Controllers\Input))
#7 C:\xampp\htdocs\tugasweb2\system\CodeIgniter.php(333): CodeIgniter\CodeIgniter->handleRequest(NULL, Object(Config\Cache), false)
#8 C:\xampp\htdocs\tugasweb2\public\index.php(44): CodeIgniter\CodeIgniter->run()
#9 C:\xampp\htdocs\tugasweb2\system\Commands\Server\rewrite.php(45): require_once('C:\\xampp\\htdocs...')
#10 {main}
CRITICAL - 2022-05-05 05:06:17 --> Undefined variable $validation
#0 C:\xampp\htdocs\tugasweb2\app\Views\form_input.php(11): CodeIgniter\Debug\Exceptions->errorHandler(2, 'Undefined varia...', 'C:\\xampp\\htdocs...', 11)
#1 C:\xampp\htdocs\tugasweb2\system\View\View.php(220): include('C:\\xampp\\htdocs...')
#2 C:\xampp\htdocs\tugasweb2\system\View\View.php(222): CodeIgniter\View\View->CodeIgniter\View\{closure}()
#3 C:\xampp\htdocs\tugasweb2\system\Common.php(1217): CodeIgniter\View\View->render('form_input', Array, true)
#4 C:\xampp\htdocs\tugasweb2\app\Controllers\Input.php(26): view('form_input')
#5 C:\xampp\htdocs\tugasweb2\system\CodeIgniter.php(936): App\Controllers\Input->index()
#6 C:\xampp\htdocs\tugasweb2\system\CodeIgniter.php(432): CodeIgniter\CodeIgniter->runController(Object(App\Controllers\Input))
#7 C:\xampp\htdocs\tugasweb2\system\CodeIgniter.php(333): CodeIgniter\CodeIgniter->handleRequest(NULL, Object(Config\Cache), false)
#8 C:\xampp\htdocs\tugasweb2\public\index.php(44): CodeIgniter\CodeIgniter->run()
#9 C:\xampp\htdocs\tugasweb2\system\Commands\Server\rewrite.php(45): require_once('C:\\xampp\\htdocs...')
#10 {main}
CRITICAL - 2022-05-05 05:12:08 --> Undefined variable $validation
#0 C:\xampp\htdocs\tugasweb2\app\Views\form_input.php(11): CodeIgniter\Debug\Exceptions->errorHandler(2, 'Undefined varia...', 'C:\\xampp\\htdocs...', 11)
#1 C:\xampp\htdocs\tugasweb2\system\View\View.php(220): include('C:\\xampp\\htdocs...')
#2 C:\xampp\htdocs\tugasweb2\system\View\View.php(222): CodeIgniter\View\View->CodeIgniter\View\{closure}()
#3 C:\xampp\htdocs\tugasweb2\system\Common.php(1217): CodeIgniter\View\View->render('form_input', Array, true)
#4 C:\xampp\htdocs\tugasweb2\app\Controllers\Input.php(51): view('form_input', Array)
#5 C:\xampp\htdocs\tugasweb2\system\CodeIgniter.php(936): App\Controllers\Input->index()
#6 C:\xampp\htdocs\tugasweb2\system\CodeIgniter.php(432): CodeIgniter\CodeIgniter->runController(Object(App\Controllers\Input))
#7 C:\xampp\htdocs\tugasweb2\system\CodeIgniter.php(333): CodeIgniter\CodeIgniter->handleRequest(NULL, Object(Config\Cache), false)
#8 C:\xampp\htdocs\tugasweb2\public\index.php(44): CodeIgniter\CodeIgniter->run()
#9 C:\xampp\htdocs\tugasweb2\system\Commands\Server\rewrite.php(45): require_once('C:\\xampp\\htdocs...')
#10 {main}
